<?xml version="1.0" encoding="UTF-8"?>
<testsuite xmlns:xsi="http://www.w3.org/2001/XMLSchema-instance" xsi:noNamespaceSchemaLocation="https://maven.apache.org/surefire/maven-surefire-plugin/xsd/surefire-test-report-3.0.xsd" version="3.0" name="com.photowatermark.FileProcessorTest" time="0.07" tests="13" errors="0" skipped="0" failures="0">
  <properties>
    <property name="socksProxyHost" value="127.0.0.1"/>
    <property name="http.proxyHost" value="127.0.0.1"/>
    <property name="java.specification.version" value="17"/>
    <property name="sun.jnu.encoding" value="UTF-8"/>
    <property name="java.class.path" value="/Users/lujinlei/Documents/code/Photo-Watermark-1/target/test-classes:/Users/lujinlei/Documents/code/Photo-Watermark-1/target/classes:/Users/lujinlei/.m2/repository/com/drewnoakes/metadata-extractor/2.18.0/metadata-extractor-2.18.0.jar:/Users/lujinlei/.m2/repository/com/adobe/xmp/xmpcore/6.1.11/xmpcore-6.1.11.jar:/Users/lujinlei/.m2/repository/commons-cli/commons-cli/1.5.0/commons-cli-1.5.0.jar:/Users/lujinlei/.m2/repository/org/slf4j/slf4j-api/1.7.36/slf4j-api-1.7.36.jar:/Users/lujinlei/.m2/repository/ch/qos/logback/logback-classic/1.2.12/logback-classic-1.2.12.jar:/Users/lujinlei/.m2/repository/ch/qos/logback/logback-core/1.2.12/logback-core-1.2.12.jar:/Users/lujinlei/.m2/repository/org/junit/jupiter/junit-jupiter-engine/5.9.2/junit-jupiter-engine-5.9.2.jar:/Users/lujinlei/.m2/repository/org/junit/platform/junit-platform-engine/1.9.2/junit-platform-engine-1.9.2.jar:/Users/lujinlei/.m2/repository/org/apiguardian/apiguardian-api/1.1.2/apiguardian-api-1.1.2.jar:/Users/lujinlei/.m2/repository/org/junit/jupiter/junit-jupiter-api/5.9.2/junit-jupiter-api-5.9.2.jar:/Users/lujinlei/.m2/repository/org/opentest4j/opentest4j/1.2.0/opentest4j-1.2.0.jar:/Users/lujinlei/.m2/repository/org/junit/platform/junit-platform-commons/1.9.2/junit-platform-commons-1.9.2.jar:"/>
    <property name="sun.awt.enableExtraMouseButtons" value="true"/>
    <property name="https.proxyPort" value="7897"/>
    <property name="java.vm.vendor" value="Oracle Corporation"/>
    <property name="sun.arch.data.model" value="64"/>
    <property name="sun.font.fontmanager" value="sun.font.CFontManager"/>
    <property name="java.vendor.url" value="https://java.oracle.com/"/>
    <property name="user.timezone" value="Asia/Shanghai"/>
    <property name="os.name" value="Mac OS X"/>
    <property name="java.vm.specification.version" value="17"/>
    <property name="sun.java.launcher" value="SUN_STANDARD"/>
    <property name="user.country" value="CN"/>
    <property name="sun.boot.library.path" value="/Library/Java/JavaVirtualMachines/jdk-17.jdk/Contents/Home/lib"/>
    <property name="sun.java.command" value="/Users/lujinlei/Documents/code/Photo-Watermark-1/target/surefire/surefirebooter-20250918182737416_3.jar /Users/lujinlei/Documents/code/Photo-Watermark-1/target/surefire 2025-09-18T18-27-37_280-jvmRun1 surefire-20250918182737416_1tmp surefire_0-20250918182737416_2tmp"/>
    <property name="http.nonProxyHosts" value="local|*.local|169.254/16|*.169.254/16"/>
    <property name="jdk.debug" value="release"/>
    <property name="surefire.test.class.path" value="/Users/lujinlei/Documents/code/Photo-Watermark-1/target/test-classes:/Users/lujinlei/Documents/code/Photo-Watermark-1/target/classes:/Users/lujinlei/.m2/repository/com/drewnoakes/metadata-extractor/2.18.0/metadata-extractor-2.18.0.jar:/Users/lujinlei/.m2/repository/com/adobe/xmp/xmpcore/6.1.11/xmpcore-6.1.11.jar:/Users/lujinlei/.m2/repository/commons-cli/commons-cli/1.5.0/commons-cli-1.5.0.jar:/Users/lujinlei/.m2/repository/org/slf4j/slf4j-api/1.7.36/slf4j-api-1.7.36.jar:/Users/lujinlei/.m2/repository/ch/qos/logback/logback-classic/1.2.12/logback-classic-1.2.12.jar:/Users/lujinlei/.m2/repository/ch/qos/logback/logback-core/1.2.12/logback-core-1.2.12.jar:/Users/lujinlei/.m2/repository/org/junit/jupiter/junit-jupiter-engine/5.9.2/junit-jupiter-engine-5.9.2.jar:/Users/lujinlei/.m2/repository/org/junit/platform/junit-platform-engine/1.9.2/junit-platform-engine-1.9.2.jar:/Users/lujinlei/.m2/repository/org/apiguardian/apiguardian-api/1.1.2/apiguardian-api-1.1.2.jar:/Users/lujinlei/.m2/repository/org/junit/jupiter/junit-jupiter-api/5.9.2/junit-jupiter-api-5.9.2.jar:/Users/lujinlei/.m2/repository/org/opentest4j/opentest4j/1.2.0/opentest4j-1.2.0.jar:/Users/lujinlei/.m2/repository/org/junit/platform/junit-platform-commons/1.9.2/junit-platform-commons-1.9.2.jar:"/>
    <property name="sun.cpu.endian" value="little"/>
    <property name="user.home" value="/Users/lujinlei"/>
    <property name="user.language" value="zh"/>
    <property name="java.specification.vendor" value="Oracle Corporation"/>
    <property name="java.version.date" value="2025-07-15"/>
    <property name="java.home" value="/Library/Java/JavaVirtualMachines/jdk-17.jdk/Contents/Home"/>
    <property name="file.separator" value="/"/>
    <property name="https.proxyHost" value="127.0.0.1"/>
    <property name="basedir" value="/Users/lujinlei/Documents/code/Photo-Watermark-1"/>
    <property name="java.vm.compressedOopsMode" value="Zero based"/>
    <property name="line.separator" value="&#10;"/>
    <property name="java.vm.specification.vendor" value="Oracle Corporation"/>
    <property name="java.specification.name" value="Java Platform API Specification"/>
    <property name="surefire.real.class.path" value="/Users/lujinlei/Documents/code/Photo-Watermark-1/target/surefire/surefirebooter-20250918182737416_3.jar"/>
    <property name="user.script" value="Hans"/>
    <property name="sun.management.compiler" value="HotSpot 64-Bit Tiered Compilers"/>
    <property name="ftp.nonProxyHosts" value="local|*.local|169.254/16|*.169.254/16"/>
    <property name="java.runtime.version" value="17.0.16+12-LTS-247"/>
    <property name="user.name" value="lujinlei"/>
    <property name="path.separator" value=":"/>
    <property name="os.version" value="15.5"/>
    <property name="java.runtime.name" value="Java(TM) SE Runtime Environment"/>
    <property name="file.encoding" value="UTF-8"/>
    <property name="java.vm.name" value="Java HotSpot(TM) 64-Bit Server VM"/>
    <property name="localRepository" value="/Users/lujinlei/.m2/repository"/>
    <property name="java.vendor.url.bug" value="https://bugreport.java.com/bugreport/"/>
    <property name="java.io.tmpdir" value="/var/folders/93/cl5m61d94x9g4cvcqhy5p4fw0000gn/T/"/>
    <property name="java.version" value="17.0.16"/>
    <property name="user.dir" value="/Users/lujinlei/Documents/code/Photo-Watermark-1"/>
    <property name="os.arch" value="aarch64"/>
    <property name="socksProxyPort" value="7897"/>
    <property name="java.vm.specification.name" value="Java Virtual Machine Specification"/>
    <property name="native.encoding" value="UTF-8"/>
    <property name="java.library.path" value="/Users/lujinlei/Library/Java/Extensions:/Library/Java/Extensions:/Network/Library/Java/Extensions:/System/Library/Java/Extensions:/usr/lib/java:."/>
    <property name="java.vm.info" value="mixed mode, sharing"/>
    <property name="java.vendor" value="Oracle Corporation"/>
    <property name="java.vm.version" value="17.0.16+12-LTS-247"/>
    <property name="java.specification.maintenance.version" value="1"/>
    <property name="sun.io.unicode.encoding" value="UnicodeBig"/>
    <property name="socksNonProxyHosts" value="local|*.local|169.254/16|*.169.254/16"/>
    <property name="java.class.version" value="61.0"/>
    <property name="http.proxyPort" value="7897"/>
  </properties>
  <testcase name="testDetermineWatermarkTextWithExifDate" classname="com.photowatermark.FileProcessorTest" time="0.014">
    <system-out><![CDATA[18:27:38.323 [main] INFO com.photowatermark.FileProcessor - 找到 1 个图片文件待处理
18:27:38.330 [pool-2-thread-1] WARN com.photowatermark.ExifReader - 文件 test.jpg 中未找到拍摄时间信息
18:27:38.331 [pool-2-thread-1] WARN com.photowatermark.FileProcessor - 文件 test.jpg 无法提取EXIF日期，使用自定义水印
18:27:38.332 [pool-2-thread-1] DEBUG com.photowatermark.WatermarkEngine - 水印绘制完成 - 位置: (36, 180), 文本: Default Text
18:27:38.334 [pool-2-thread-1] INFO com.photowatermark.WatermarkEngine - 成功为图片 test.jpg 添加水印，输出到: test_watermarked.jpg
18:27:38.334 [pool-2-thread-1] DEBUG com.photowatermark.FileProcessor - 成功处理文件: test.jpg -> test_watermarked.jpg
18:27:38.334 [main] INFO com.photowatermark.FileProcessor - 处理完成 - 总计: 1, 成功: 1, 失败: 0, 耗时: 11 ms
]]></system-out>
  </testcase>
  <testcase name="testProcessPathWithNullWatermarkText" classname="com.photowatermark.FileProcessorTest" time="0.005">
    <system-out><![CDATA[18:27:38.338 [main] INFO com.photowatermark.FileProcessor - 找到 1 个图片文件待处理
18:27:38.339 [pool-3-thread-1] DEBUG com.photowatermark.WatermarkEngine - 水印绘制完成 - 位置: (36, 180), 文本: Default Text
18:27:38.340 [pool-3-thread-1] INFO com.photowatermark.WatermarkEngine - 成功为图片 test.jpg 添加水印，输出到: test_watermarked.jpg
18:27:38.340 [pool-3-thread-1] DEBUG com.photowatermark.FileProcessor - 成功处理文件: test.jpg -> test_watermarked.jpg
18:27:38.340 [main] INFO com.photowatermark.FileProcessor - 处理完成 - 总计: 1, 成功: 1, 失败: 0, 耗时: 2 ms
]]></system-out>
  </testcase>
  <testcase name="testGenerateOutputFileWithSameDirectory" classname="com.photowatermark.FileProcessorTest" time="0.004">
    <system-out><![CDATA[18:27:38.343 [main] INFO com.photowatermark.FileProcessor - 找到 1 个图片文件待处理
18:27:38.343 [pool-4-thread-1] DEBUG com.photowatermark.WatermarkEngine - 水印绘制完成 - 位置: (131, 180), 文本: Test
18:27:38.345 [pool-4-thread-1] INFO com.photowatermark.WatermarkEngine - 成功为图片 test.jpg 添加水印，输出到: test_watermarked.jpg
18:27:38.345 [pool-4-thread-1] DEBUG com.photowatermark.FileProcessor - 成功处理文件: test.jpg -> test_watermarked.jpg
18:27:38.345 [main] INFO com.photowatermark.FileProcessor - 处理完成 - 总计: 1, 成功: 1, 失败: 0, 耗时: 2 ms
]]></system-out>
  </testcase>
  <testcase name="testGenerateOutputFileWithCustomDirectory" classname="com.photowatermark.FileProcessorTest" time="0.004">
    <system-out><![CDATA[18:27:38.347 [main] INFO com.photowatermark.FileProcessor - 找到 1 个图片文件待处理
18:27:38.348 [pool-5-thread-1] DEBUG com.photowatermark.WatermarkEngine - 水印绘制完成 - 位置: (131, 180), 文本: Test
18:27:38.349 [pool-5-thread-1] INFO com.photowatermark.WatermarkEngine - 成功为图片 test.jpg 添加水印，输出到: test_watermarked.jpg
18:27:38.349 [pool-5-thread-1] DEBUG com.photowatermark.FileProcessor - 成功处理文件: test.jpg -> test_watermarked.jpg
18:27:38.350 [main] INFO com.photowatermark.FileProcessor - 处理完成 - 总计: 1, 成功: 1, 失败: 0, 耗时: 3 ms
]]></system-out>
  </testcase>
  <testcase name="testProcessBatchWithValidFiles" classname="com.photowatermark.FileProcessorTest" time="0.007">
    <system-out><![CDATA[18:27:38.353 [main] INFO com.photowatermark.FileProcessor - 找到 2 个图片文件待处理
18:27:38.355 [pool-6-thread-1] DEBUG com.photowatermark.WatermarkEngine - 水印绘制完成 - 位置: (0, 130), 文本: Test Watermark
18:27:38.355 [pool-6-thread-2] DEBUG com.photowatermark.WatermarkEngine - 水印绘制完成 - 位置: (0, 180), 文本: Test Watermark
18:27:38.356 [pool-6-thread-1] INFO com.photowatermark.WatermarkEngine - 成功为图片 test2.jpg 添加水印，输出到: test2_watermarked.jpg
18:27:38.356 [pool-6-thread-1] DEBUG com.photowatermark.FileProcessor - 成功处理文件: test2.jpg -> test2_watermarked.jpg
18:27:38.357 [pool-6-thread-2] INFO com.photowatermark.WatermarkEngine - 成功为图片 test.jpg 添加水印，输出到: test_watermarked.jpg
18:27:38.357 [pool-6-thread-2] DEBUG com.photowatermark.FileProcessor - 成功处理文件: test.jpg -> test_watermarked.jpg
18:27:38.357 [main] INFO com.photowatermark.FileProcessor - 处理完成 - 总计: 2, 成功: 2, 失败: 0, 耗时: 4 ms
]]></system-out>
  </testcase>
  <testcase name="testProcessPathWithDirectory" classname="com.photowatermark.FileProcessorTest" time="0.004">
    <system-out><![CDATA[18:27:38.359 [main] INFO com.photowatermark.FileProcessor - 找到 1 个图片文件待处理
18:27:38.360 [pool-7-thread-1] DEBUG com.photowatermark.WatermarkEngine - 水印绘制完成 - 位置: (0, 180), 文本: Test Watermark
18:27:38.361 [pool-7-thread-1] INFO com.photowatermark.WatermarkEngine - 成功为图片 test.jpg 添加水印，输出到: test_watermarked.jpg
18:27:38.361 [pool-7-thread-1] DEBUG com.photowatermark.FileProcessor - 成功处理文件: test.jpg -> test_watermarked.jpg
18:27:38.361 [main] INFO com.photowatermark.FileProcessor - 处理完成 - 总计: 1, 成功: 1, 失败: 0, 耗时: 2 ms
]]></system-out>
  </testcase>
  <testcase name="testDetermineWatermarkTextWithCustomText" classname="com.photowatermark.FileProcessorTest" time="0.005">
    <system-out><![CDATA[18:27:38.364 [main] INFO com.photowatermark.FileProcessor - 找到 1 个图片文件待处理
18:27:38.365 [pool-8-thread-1] DEBUG com.photowatermark.WatermarkEngine - 水印绘制完成 - 位置: (30, 180), 文本: Custom Text
18:27:38.366 [pool-8-thread-1] INFO com.photowatermark.WatermarkEngine - 成功为图片 test.jpg 添加水印，输出到: test_watermarked.jpg
18:27:38.366 [pool-8-thread-1] DEBUG com.photowatermark.FileProcessor - 成功处理文件: test.jpg -> test_watermarked.jpg
18:27:38.366 [main] INFO com.photowatermark.FileProcessor - 处理完成 - 总计: 1, 成功: 1, 失败: 0, 耗时: 2 ms
]]></system-out>
  </testcase>
  <testcase name="testDetermineWatermarkTextWithDefaultText" classname="com.photowatermark.FileProcessorTest" time="0.005">
    <system-out><![CDATA[18:27:38.369 [main] INFO com.photowatermark.FileProcessor - 找到 1 个图片文件待处理
18:27:38.370 [pool-9-thread-1] DEBUG com.photowatermark.WatermarkEngine - 水印绘制完成 - 位置: (36, 180), 文本: Default Text
18:27:38.371 [pool-9-thread-1] INFO com.photowatermark.WatermarkEngine - 成功为图片 test.jpg 添加水印，输出到: test_watermarked.jpg
18:27:38.371 [pool-9-thread-1] DEBUG com.photowatermark.FileProcessor - 成功处理文件: test.jpg -> test_watermarked.jpg
18:27:38.371 [main] INFO com.photowatermark.FileProcessor - 处理完成 - 总计: 1, 成功: 1, 失败: 0, 耗时: 2 ms
]]></system-out>
  </testcase>
  <testcase name="testProcessPathWithEmptyWatermarkText" classname="com.photowatermark.FileProcessorTest" time="0.004">
    <system-out><![CDATA[18:27:38.373 [main] INFO com.photowatermark.FileProcessor - 找到 1 个图片文件待处理
18:27:38.374 [pool-10-thread-1] DEBUG com.photowatermark.WatermarkEngine - 水印绘制完成 - 位置: (36, 180), 文本: Default Text
18:27:38.375 [pool-10-thread-1] INFO com.photowatermark.WatermarkEngine - 成功为图片 test.jpg 添加水印，输出到: test_watermarked.jpg
18:27:38.375 [pool-10-thread-1] DEBUG com.photowatermark.FileProcessor - 成功处理文件: test.jpg -> test_watermarked.jpg
18:27:38.376 [main] INFO com.photowatermark.FileProcessor - 处理完成 - 总计: 1, 成功: 1, 失败: 0, 耗时: 3 ms
]]></system-out>
  </testcase>
  <testcase name="testProcessBatchWithEmptyDirectory" classname="com.photowatermark.FileProcessorTest" time="0.003">
    <system-out><![CDATA[18:27:38.378 [main] WARN com.photowatermark.FileProcessor - 未找到支持的图片文件
]]></system-out>
  </testcase>
  <testcase name="testProcessBatchWithNonImageFiles" classname="com.photowatermark.FileProcessorTest" time="0.004">
    <system-out><![CDATA[18:27:38.380 [main] INFO com.photowatermark.FileProcessor - 找到 1 个图片文件待处理
18:27:38.381 [pool-11-thread-1] DEBUG com.photowatermark.WatermarkEngine - 水印绘制完成 - 位置: (0, 180), 文本: Test Watermark
18:27:38.382 [pool-11-thread-1] INFO com.photowatermark.WatermarkEngine - 成功为图片 test.jpg 添加水印，输出到: test_watermarked.jpg
18:27:38.382 [pool-11-thread-1] DEBUG com.photowatermark.FileProcessor - 成功处理文件: test.jpg -> test_watermarked.jpg
18:27:38.383 [main] INFO com.photowatermark.FileProcessor - 处理完成 - 总计: 1, 成功: 1, 失败: 0, 耗时: 3 ms
]]></system-out>
  </testcase>
  <testcase name="testProcessPathWithNonExistentPath" classname="com.photowatermark.FileProcessorTest" time="0.002">
    <system-out><![CDATA[18:27:38.385 [main] ERROR com.photowatermark.FileProcessor - 输入路径不存在: non_existent_path
]]></system-out>
  </testcase>
  <testcase name="testProcessPathWithSingleFile" classname="com.photowatermark.FileProcessorTest" time="0.004">
    <system-out><![CDATA[18:27:38.387 [main] INFO com.photowatermark.FileProcessor - 找到 1 个图片文件待处理
18:27:38.388 [pool-12-thread-1] DEBUG com.photowatermark.WatermarkEngine - 水印绘制完成 - 位置: (0, 180), 文本: Test Watermark
18:27:38.389 [pool-12-thread-1] INFO com.photowatermark.WatermarkEngine - 成功为图片 test.jpg 添加水印，输出到: test_watermarked.jpg
18:27:38.389 [pool-12-thread-1] DEBUG com.photowatermark.FileProcessor - 成功处理文件: test.jpg -> test_watermarked.jpg
18:27:38.389 [main] INFO com.photowatermark.FileProcessor - 处理完成 - 总计: 1, 成功: 1, 失败: 0, 耗时: 2 ms
]]></system-out>
  </testcase>
</testsuite>