<?xml version="1.0" encoding="UTF-8"?>
<testsuite xmlns:xsi="http://www.w3.org/2001/XMLSchema-instance" xsi:noNamespaceSchemaLocation="https://maven.apache.org/surefire/maven-surefire-plugin/xsd/surefire-test-report-3.0.xsd" version="3.0" name="com.photowatermark.WatermarkEngineTest" time="0.624" tests="12" errors="0" skipped="0" failures="0">
  <properties>
    <property name="socksProxyHost" value="127.0.0.1"/>
    <property name="http.proxyHost" value="127.0.0.1"/>
    <property name="java.specification.version" value="17"/>
    <property name="sun.jnu.encoding" value="UTF-8"/>
    <property name="java.class.path" value="/Users/lujinlei/Documents/code/Photo-Watermark-1/target/test-classes:/Users/lujinlei/Documents/code/Photo-Watermark-1/target/classes:/Users/lujinlei/.m2/repository/com/drewnoakes/metadata-extractor/2.18.0/metadata-extractor-2.18.0.jar:/Users/lujinlei/.m2/repository/com/adobe/xmp/xmpcore/6.1.11/xmpcore-6.1.11.jar:/Users/lujinlei/.m2/repository/commons-cli/commons-cli/1.5.0/commons-cli-1.5.0.jar:/Users/lujinlei/.m2/repository/org/slf4j/slf4j-api/1.7.36/slf4j-api-1.7.36.jar:/Users/lujinlei/.m2/repository/ch/qos/logback/logback-classic/1.2.12/logback-classic-1.2.12.jar:/Users/lujinlei/.m2/repository/ch/qos/logback/logback-core/1.2.12/logback-core-1.2.12.jar:/Users/lujinlei/.m2/repository/org/junit/jupiter/junit-jupiter-engine/5.9.2/junit-jupiter-engine-5.9.2.jar:/Users/lujinlei/.m2/repository/org/junit/platform/junit-platform-engine/1.9.2/junit-platform-engine-1.9.2.jar:/Users/lujinlei/.m2/repository/org/apiguardian/apiguardian-api/1.1.2/apiguardian-api-1.1.2.jar:/Users/lujinlei/.m2/repository/org/junit/jupiter/junit-jupiter-api/5.9.2/junit-jupiter-api-5.9.2.jar:/Users/lujinlei/.m2/repository/org/opentest4j/opentest4j/1.2.0/opentest4j-1.2.0.jar:/Users/lujinlei/.m2/repository/org/junit/platform/junit-platform-commons/1.9.2/junit-platform-commons-1.9.2.jar:"/>
    <property name="sun.awt.enableExtraMouseButtons" value="true"/>
    <property name="https.proxyPort" value="7897"/>
    <property name="java.vm.vendor" value="Oracle Corporation"/>
    <property name="sun.arch.data.model" value="64"/>
    <property name="sun.font.fontmanager" value="sun.font.CFontManager"/>
    <property name="java.vendor.url" value="https://java.oracle.com/"/>
    <property name="user.timezone" value="Asia/Shanghai"/>
    <property name="os.name" value="Mac OS X"/>
    <property name="java.vm.specification.version" value="17"/>
    <property name="sun.java.launcher" value="SUN_STANDARD"/>
    <property name="user.country" value="CN"/>
    <property name="sun.boot.library.path" value="/Library/Java/JavaVirtualMachines/jdk-17.jdk/Contents/Home/lib"/>
    <property name="sun.java.command" value="/Users/lujinlei/Documents/code/Photo-Watermark-1/target/surefire/surefirebooter-20250918182737416_3.jar /Users/lujinlei/Documents/code/Photo-Watermark-1/target/surefire 2025-09-18T18-27-37_280-jvmRun1 surefire-20250918182737416_1tmp surefire_0-20250918182737416_2tmp"/>
    <property name="http.nonProxyHosts" value="local|*.local|169.254/16|*.169.254/16"/>
    <property name="jdk.debug" value="release"/>
    <property name="surefire.test.class.path" value="/Users/lujinlei/Documents/code/Photo-Watermark-1/target/test-classes:/Users/lujinlei/Documents/code/Photo-Watermark-1/target/classes:/Users/lujinlei/.m2/repository/com/drewnoakes/metadata-extractor/2.18.0/metadata-extractor-2.18.0.jar:/Users/lujinlei/.m2/repository/com/adobe/xmp/xmpcore/6.1.11/xmpcore-6.1.11.jar:/Users/lujinlei/.m2/repository/commons-cli/commons-cli/1.5.0/commons-cli-1.5.0.jar:/Users/lujinlei/.m2/repository/org/slf4j/slf4j-api/1.7.36/slf4j-api-1.7.36.jar:/Users/lujinlei/.m2/repository/ch/qos/logback/logback-classic/1.2.12/logback-classic-1.2.12.jar:/Users/lujinlei/.m2/repository/ch/qos/logback/logback-core/1.2.12/logback-core-1.2.12.jar:/Users/lujinlei/.m2/repository/org/junit/jupiter/junit-jupiter-engine/5.9.2/junit-jupiter-engine-5.9.2.jar:/Users/lujinlei/.m2/repository/org/junit/platform/junit-platform-engine/1.9.2/junit-platform-engine-1.9.2.jar:/Users/lujinlei/.m2/repository/org/apiguardian/apiguardian-api/1.1.2/apiguardian-api-1.1.2.jar:/Users/lujinlei/.m2/repository/org/junit/jupiter/junit-jupiter-api/5.9.2/junit-jupiter-api-5.9.2.jar:/Users/lujinlei/.m2/repository/org/opentest4j/opentest4j/1.2.0/opentest4j-1.2.0.jar:/Users/lujinlei/.m2/repository/org/junit/platform/junit-platform-commons/1.9.2/junit-platform-commons-1.9.2.jar:"/>
    <property name="sun.cpu.endian" value="little"/>
    <property name="user.home" value="/Users/lujinlei"/>
    <property name="user.language" value="zh"/>
    <property name="java.specification.vendor" value="Oracle Corporation"/>
    <property name="java.version.date" value="2025-07-15"/>
    <property name="java.home" value="/Library/Java/JavaVirtualMachines/jdk-17.jdk/Contents/Home"/>
    <property name="file.separator" value="/"/>
    <property name="https.proxyHost" value="127.0.0.1"/>
    <property name="basedir" value="/Users/lujinlei/Documents/code/Photo-Watermark-1"/>
    <property name="java.vm.compressedOopsMode" value="Zero based"/>
    <property name="line.separator" value="&#10;"/>
    <property name="java.vm.specification.vendor" value="Oracle Corporation"/>
    <property name="java.specification.name" value="Java Platform API Specification"/>
    <property name="surefire.real.class.path" value="/Users/lujinlei/Documents/code/Photo-Watermark-1/target/surefire/surefirebooter-20250918182737416_3.jar"/>
    <property name="user.script" value="Hans"/>
    <property name="sun.management.compiler" value="HotSpot 64-Bit Tiered Compilers"/>
    <property name="ftp.nonProxyHosts" value="local|*.local|169.254/16|*.169.254/16"/>
    <property name="java.runtime.version" value="17.0.16+12-LTS-247"/>
    <property name="user.name" value="lujinlei"/>
    <property name="path.separator" value=":"/>
    <property name="os.version" value="15.5"/>
    <property name="java.runtime.name" value="Java(TM) SE Runtime Environment"/>
    <property name="file.encoding" value="UTF-8"/>
    <property name="java.vm.name" value="Java HotSpot(TM) 64-Bit Server VM"/>
    <property name="localRepository" value="/Users/lujinlei/.m2/repository"/>
    <property name="java.vendor.url.bug" value="https://bugreport.java.com/bugreport/"/>
    <property name="java.io.tmpdir" value="/var/folders/93/cl5m61d94x9g4cvcqhy5p4fw0000gn/T/"/>
    <property name="java.version" value="17.0.16"/>
    <property name="user.dir" value="/Users/lujinlei/Documents/code/Photo-Watermark-1"/>
    <property name="os.arch" value="aarch64"/>
    <property name="socksProxyPort" value="7897"/>
    <property name="java.vm.specification.name" value="Java Virtual Machine Specification"/>
    <property name="native.encoding" value="UTF-8"/>
    <property name="java.library.path" value="/Users/lujinlei/Library/Java/Extensions:/Library/Java/Extensions:/Network/Library/Java/Extensions:/System/Library/Java/Extensions:/usr/lib/java:."/>
    <property name="java.vm.info" value="mixed mode, sharing"/>
    <property name="java.vendor" value="Oracle Corporation"/>
    <property name="java.vm.version" value="17.0.16+12-LTS-247"/>
    <property name="java.specification.maintenance.version" value="1"/>
    <property name="sun.io.unicode.encoding" value="UnicodeBig"/>
    <property name="socksNonProxyHosts" value="local|*.local|169.254/16|*.169.254/16"/>
    <property name="java.class.version" value="61.0"/>
    <property name="http.proxyPort" value="7897"/>
  </properties>
  <testcase name="testAddWatermarkWithDifferentPositions" classname="com.photowatermark.WatermarkEngineTest" time="0.597">
    <system-out><![CDATA[18:27:38.281 [main] DEBUG com.photowatermark.WatermarkEngine - 水印绘制完成 - 位置: (20, 50), 文本: Test
18:27:38.283 [main] INFO com.photowatermark.WatermarkEngine - 成功为图片 test.jpg 添加水印，输出到: output_TOP_LEFT.jpg
18:27:38.284 [main] DEBUG com.photowatermark.WatermarkEngine - 水印绘制完成 - 位置: (131, 50), 文本: Test
18:27:38.286 [main] INFO com.photowatermark.WatermarkEngine - 成功为图片 test.jpg 添加水印，输出到: output_TOP_RIGHT.jpg
18:27:38.287 [main] DEBUG com.photowatermark.WatermarkEngine - 水印绘制完成 - 位置: (75, 115), 文本: Test
18:27:38.288 [main] INFO com.photowatermark.WatermarkEngine - 成功为图片 test.jpg 添加水印，输出到: output_CENTER.jpg
18:27:38.289 [main] DEBUG com.photowatermark.WatermarkEngine - 水印绘制完成 - 位置: (20, 180), 文本: Test
18:27:38.290 [main] INFO com.photowatermark.WatermarkEngine - 成功为图片 test.jpg 添加水印，输出到: output_BOTTOM_LEFT.jpg
18:27:38.291 [main] DEBUG com.photowatermark.WatermarkEngine - 水印绘制完成 - 位置: (131, 180), 文本: Test
18:27:38.292 [main] INFO com.photowatermark.WatermarkEngine - 成功为图片 test.jpg 添加水印，输出到: output_BOTTOM_RIGHT.jpg
]]></system-out>
  </testcase>
  <testcase name="testAddWatermarkWithNullWatermarkText" classname="com.photowatermark.WatermarkEngineTest" time="0.002">
    <system-out><![CDATA[18:27:38.295 [main] ERROR com.photowatermark.WatermarkEngine - 水印文本不能为空
]]></system-out>
  </testcase>
  <testcase name="testAddWatermarkWithNonExistentInputFile" classname="com.photowatermark.WatermarkEngineTest" time="0.001">
    <system-out><![CDATA[18:27:38.297 [main] ERROR com.photowatermark.WatermarkEngine - 输入文件无效: non_existent.jpg
]]></system-out>
  </testcase>
  <testcase name="testAddWatermarkWithNullInputFile" classname="com.photowatermark.WatermarkEngineTest" time="0.001">
    <system-out><![CDATA[18:27:38.299 [main] ERROR com.photowatermark.WatermarkEngine - 输入文件无效: null
]]></system-out>
  </testcase>
  <testcase name="testAddWatermarkWithValidInputs" classname="com.photowatermark.WatermarkEngineTest" time="0.005">
    <system-out><![CDATA[18:27:38.303 [main] DEBUG com.photowatermark.WatermarkEngine - 水印绘制完成 - 位置: (0, 180), 文本: Test Watermark
18:27:38.304 [main] INFO com.photowatermark.WatermarkEngine - 成功为图片 test.jpg 添加水印，输出到: output.jpg
]]></system-out>
  </testcase>
  <testcase name="testAddWatermarkWithNullConfig" classname="com.photowatermark.WatermarkEngineTest" time="0.002">
    <system-out><![CDATA[18:27:38.307 [main] ERROR com.photowatermark.WatermarkEngine - 水印配置不能为空
]]></system-out>
  </testcase>
  <testcase name="testIsSupportedImageFormatWithNullFile" classname="com.photowatermark.WatermarkEngineTest" time="0.002"/>
  <testcase name="testAddWatermarkWithEmptyWatermarkText" classname="com.photowatermark.WatermarkEngineTest" time="0.002">
    <system-out><![CDATA[18:27:38.310 [main] ERROR com.photowatermark.WatermarkEngine - 水印文本不能为空
]]></system-out>
  </testcase>
  <testcase name="testGetImageDimensions" classname="com.photowatermark.WatermarkEngineTest" time="0.002"/>
  <testcase name="testGetImageDimensionsWithInvalidFile" classname="com.photowatermark.WatermarkEngineTest" time="0.002"/>
  <testcase name="testIsSupportedImageFormatWithValidFormats" classname="com.photowatermark.WatermarkEngineTest" time="0.002"/>
  <testcase name="testIsSupportedImageFormatWithInvalidFormats" classname="com.photowatermark.WatermarkEngineTest" time="0.001"/>
</testsuite>